<?xml version="1.0" encoding="UTF-8"?>
<testsuite xmlns:xsi="http://www.w3.org/2001/XMLSchema-instance" xsi:noNamespaceSchemaLocation="https://maven.apache.org/surefire/maven-surefire-plugin/xsd/surefire-test-report.xsd" name="cn.itcast.hotel.HotelAggregationTest" time="18.715" tests="2" errors="2" skipped="0" failures="0">
  <properties>
    <property name="sun.desktop" value="windows"/>
    <property name="awt.toolkit" value="sun.awt.windows.WToolkit"/>
    <property name="file.encoding.pkg" value="sun.io"/>
    <property name="java.specification.version" value="1.8"/>
    <property name="sun.cpu.isalist" value="amd64"/>
    <property name="sun.jnu.encoding" value="GBK"/>
    <property name="java.class.path" value="D:\workspace\springcloud\hotel-demo\target\test-classes;D:\workspace\springcloud\hotel-demo\target\classes;D:\software\apache-maven-3.6.1\mvn_resp\org\elasticsearch\client\elasticsearch-rest-high-level-client\7.12.1\elasticsearch-rest-high-level-client-7.12.1.jar;D:\software\apache-maven-3.6.1\mvn_resp\org\elasticsearch\elasticsearch\7.12.1\elasticsearch-7.12.1.jar;D:\software\apache-maven-3.6.1\mvn_resp\org\elasticsearch\elasticsearch-core\7.12.1\elasticsearch-core-7.12.1.jar;D:\software\apache-maven-3.6.1\mvn_resp\org\elasticsearch\elasticsearch-secure-sm\7.12.1\elasticsearch-secure-sm-7.12.1.jar;D:\software\apache-maven-3.6.1\mvn_resp\org\elasticsearch\elasticsearch-x-content\7.12.1\elasticsearch-x-content-7.12.1.jar;D:\software\apache-maven-3.6.1\mvn_resp\com\fasterxml\jackson\core\jackson-core\2.11.4\jackson-core-2.11.4.jar;D:\software\apache-maven-3.6.1\mvn_resp\com\fasterxml\jackson\dataformat\jackson-dataformat-smile\2.11.4\jackson-dataformat-smile-2.11.4.jar;D:\software\apache-maven-3.6.1\mvn_resp\com\fasterxml\jackson\dataformat\jackson-dataformat-yaml\2.11.4\jackson-dataformat-yaml-2.11.4.jar;D:\software\apache-maven-3.6.1\mvn_resp\com\fasterxml\jackson\dataformat\jackson-dataformat-cbor\2.11.4\jackson-dataformat-cbor-2.11.4.jar;D:\software\apache-maven-3.6.1\mvn_resp\org\elasticsearch\elasticsearch-geo\7.12.1\elasticsearch-geo-7.12.1.jar;D:\software\apache-maven-3.6.1\mvn_resp\org\apache\lucene\lucene-core\8.8.0\lucene-core-8.8.0.jar;D:\software\apache-maven-3.6.1\mvn_resp\org\apache\lucene\lucene-analyzers-common\8.8.0\lucene-analyzers-common-8.8.0.jar;D:\software\apache-maven-3.6.1\mvn_resp\org\apache\lucene\lucene-backward-codecs\8.8.0\lucene-backward-codecs-8.8.0.jar;D:\software\apache-maven-3.6.1\mvn_resp\org\apache\lucene\lucene-grouping\8.8.0\lucene-grouping-8.8.0.jar;D:\software\apache-maven-3.6.1\mvn_resp\org\apache\lucene\lucene-highlighter\8.8.0\lucene-highlighter-8.8.0.jar;D:\software\apache-maven-3.6.1\mvn_resp\org\apache\lucene\lucene-join\8.8.0\lucene-join-8.8.0.jar;D:\software\apache-maven-3.6.1\mvn_resp\org\apache\lucene\lucene-memory\8.8.0\lucene-memory-8.8.0.jar;D:\software\apache-maven-3.6.1\mvn_resp\org\apache\lucene\lucene-misc\8.8.0\lucene-misc-8.8.0.jar;D:\software\apache-maven-3.6.1\mvn_resp\org\apache\lucene\lucene-queries\8.8.0\lucene-queries-8.8.0.jar;D:\software\apache-maven-3.6.1\mvn_resp\org\apache\lucene\lucene-queryparser\8.8.0\lucene-queryparser-8.8.0.jar;D:\software\apache-maven-3.6.1\mvn_resp\org\apache\lucene\lucene-sandbox\8.8.0\lucene-sandbox-8.8.0.jar;D:\software\apache-maven-3.6.1\mvn_resp\org\apache\lucene\lucene-spatial-extras\8.8.0\lucene-spatial-extras-8.8.0.jar;D:\software\apache-maven-3.6.1\mvn_resp\org\apache\lucene\lucene-spatial3d\8.8.0\lucene-spatial3d-8.8.0.jar;D:\software\apache-maven-3.6.1\mvn_resp\org\apache\lucene\lucene-suggest\8.8.0\lucene-suggest-8.8.0.jar;D:\software\apache-maven-3.6.1\mvn_resp\org\elasticsearch\elasticsearch-cli\7.12.1\elasticsearch-cli-7.12.1.jar;D:\software\apache-maven-3.6.1\mvn_resp\net\sf\jopt-simple\jopt-simple\5.0.2\jopt-simple-5.0.2.jar;D:\software\apache-maven-3.6.1\mvn_resp\com\carrotsearch\hppc\0.8.1\hppc-0.8.1.jar;D:\software\apache-maven-3.6.1\mvn_resp\joda-time\joda-time\2.10.4\joda-time-2.10.4.jar;D:\software\apache-maven-3.6.1\mvn_resp\com\tdunning\t-digest\3.2\t-digest-3.2.jar;D:\software\apache-maven-3.6.1\mvn_resp\org\hdrhistogram\HdrHistogram\2.1.9\HdrHistogram-2.1.9.jar;D:\software\apache-maven-3.6.1\mvn_resp\org\apache\logging\log4j\log4j-api\2.13.3\log4j-api-2.13.3.jar;D:\software\apache-maven-3.6.1\mvn_resp\org\elasticsearch\jna\5.7.0-1\jna-5.7.0-1.jar;D:\software\apache-maven-3.6.1\mvn_resp\org\elasticsearch\elasticsearch-plugin-classloader\7.12.1\elasticsearch-plugin-classloader-7.12.1.jar;D:\software\apache-maven-3.6.1\mvn_resp\org\elasticsearch\client\elasticsearch-rest-client\7.12.1\elasticsearch-rest-client-7.12.1.jar;D:\software\apache-maven-3.6.1\mvn_resp\org\apache\httpcomponents\httpclient\4.5.13\httpclient-4.5.13.jar;D:\software\apache-maven-3.6.1\mvn_resp\org\apache\httpcomponents\httpcore\4.4.14\httpcore-4.4.14.jar;D:\software\apache-maven-3.6.1\mvn_resp\org\apache\httpcomponents\httpasyncclient\4.1.4\httpasyncclient-4.1.4.jar;D:\software\apache-maven-3.6.1\mvn_resp\org\apache\httpcomponents\httpcore-nio\4.4.14\httpcore-nio-4.4.14.jar;D:\software\apache-maven-3.6.1\mvn_resp\commons-codec\commons-codec\1.14\commons-codec-1.14.jar;D:\software\apache-maven-3.6.1\mvn_resp\org\elasticsearch\plugin\mapper-extras-client\7.12.1\mapper-extras-client-7.12.1.jar;D:\software\apache-maven-3.6.1\mvn_resp\org\elasticsearch\plugin\parent-join-client\7.12.1\parent-join-client-7.12.1.jar;D:\software\apache-maven-3.6.1\mvn_resp\org\elasticsearch\plugin\aggs-matrix-stats-client\7.12.1\aggs-matrix-stats-client-7.12.1.jar;D:\software\apache-maven-3.6.1\mvn_resp\org\elasticsearch\plugin\rank-eval-client\7.12.1\rank-eval-client-7.12.1.jar;D:\software\apache-maven-3.6.1\mvn_resp\org\elasticsearch\plugin\lang-mustache-client\7.12.1\lang-mustache-client-7.12.1.jar;D:\software\apache-maven-3.6.1\mvn_resp\com\github\spullara\mustache\java\compiler\0.9.6\compiler-0.9.6.jar;D:\software\apache-maven-3.6.1\mvn_resp\org\springframework\boot\spring-boot-starter-web\2.3.10.RELEASE\spring-boot-starter-web-2.3.10.RELEASE.jar;D:\software\apache-maven-3.6.1\mvn_resp\org\springframework\boot\spring-boot-starter\2.3.10.RELEASE\spring-boot-starter-2.3.10.RELEASE.jar;D:\software\apache-maven-3.6.1\mvn_resp\org\springframework\boot\spring-boot\2.3.10.RELEASE\spring-boot-2.3.10.RELEASE.jar;D:\software\apache-maven-3.6.1\mvn_resp\org\springframework\boot\spring-boot-starter-logging\2.3.10.RELEASE\spring-boot-starter-logging-2.3.10.RELEASE.jar;D:\software\apache-maven-3.6.1\mvn_resp\ch\qos\logback\logback-classic\1.2.3\logback-classic-1.2.3.jar;D:\software\apache-maven-3.6.1\mvn_resp\ch\qos\logback\logback-core\1.2.3\logback-core-1.2.3.jar;D:\software\apache-maven-3.6.1\mvn_resp\org\apache\logging\log4j\log4j-to-slf4j\2.13.3\log4j-to-slf4j-2.13.3.jar;D:\software\apache-maven-3.6.1\mvn_resp\org\slf4j\jul-to-slf4j\1.7.30\jul-to-slf4j-1.7.30.jar;D:\software\apache-maven-3.6.1\mvn_resp\jakarta\annotation\jakarta.annotation-api\1.3.5\jakarta.annotation-api-1.3.5.jar;D:\software\apache-maven-3.6.1\mvn_resp\org\yaml\snakeyaml\1.26\snakeyaml-1.26.jar;D:\software\apache-maven-3.6.1\mvn_resp\org\springframework\boot\spring-boot-starter-json\2.3.10.RELEASE\spring-boot-starter-json-2.3.10.RELEASE.jar;D:\software\apache-maven-3.6.1\mvn_resp\com\fasterxml\jackson\core\jackson-databind\2.11.4\jackson-databind-2.11.4.jar;D:\software\apache-maven-3.6.1\mvn_resp\com\fasterxml\jackson\core\jackson-annotations\2.11.4\jackson-annotations-2.11.4.jar;D:\software\apache-maven-3.6.1\mvn_resp\com\fasterxml\jackson\datatype\jackson-datatype-jdk8\2.11.4\jackson-datatype-jdk8-2.11.4.jar;D:\software\apache-maven-3.6.1\mvn_resp\com\fasterxml\jackson\datatype\jackson-datatype-jsr310\2.11.4\jackson-datatype-jsr310-2.11.4.jar;D:\software\apache-maven-3.6.1\mvn_resp\com\fasterxml\jackson\module\jackson-module-parameter-names\2.11.4\jackson-module-parameter-names-2.11.4.jar;D:\software\apache-maven-3.6.1\mvn_resp\org\springframework\boot\spring-boot-starter-tomcat\2.3.10.RELEASE\spring-boot-starter-tomcat-2.3.10.RELEASE.jar;D:\software\apache-maven-3.6.1\mvn_resp\org\apache\tomcat\embed\tomcat-embed-core\9.0.45\tomcat-embed-core-9.0.45.jar;D:\software\apache-maven-3.6.1\mvn_resp\org\glassfish\jakarta.el\3.0.3\jakarta.el-3.0.3.jar;D:\software\apache-maven-3.6.1\mvn_resp\org\apache\tomcat\embed\tomcat-embed-websocket\9.0.45\tomcat-embed-websocket-9.0.45.jar;D:\software\apache-maven-3.6.1\mvn_resp\org\springframework\spring-web\5.2.14.RELEASE\spring-web-5.2.14.RELEASE.jar;D:\software\apache-maven-3.6.1\mvn_resp\org\springframework\spring-beans\5.2.14.RELEASE\spring-beans-5.2.14.RELEASE.jar;D:\software\apache-maven-3.6.1\mvn_resp\org\springframework\spring-webmvc\5.2.14.RELEASE\spring-webmvc-5.2.14.RELEASE.jar;D:\software\apache-maven-3.6.1\mvn_resp\org\springframework\spring-aop\5.2.14.RELEASE\spring-aop-5.2.14.RELEASE.jar;D:\software\apache-maven-3.6.1\mvn_resp\org\springframework\spring-context\5.2.14.RELEASE\spring-context-5.2.14.RELEASE.jar;D:\software\apache-maven-3.6.1\mvn_resp\org\springframework\spring-expression\5.2.14.RELEASE\spring-expression-5.2.14.RELEASE.jar;D:\software\apache-maven-3.6.1\mvn_resp\com\baomidou\mybatis-plus-boot-starter\3.4.2\mybatis-plus-boot-starter-3.4.2.jar;D:\software\apache-maven-3.6.1\mvn_resp\com\baomidou\mybatis-plus\3.4.2\mybatis-plus-3.4.2.jar;D:\software\apache-maven-3.6.1\mvn_resp\com\baomidou\mybatis-plus-extension\3.4.2\mybatis-plus-extension-3.4.2.jar;D:\software\apache-maven-3.6.1\mvn_resp\com\baomidou\mybatis-plus-core\3.4.2\mybatis-plus-core-3.4.2.jar;D:\software\apache-maven-3.6.1\mvn_resp\com\baomidou\mybatis-plus-annotation\3.4.2\mybatis-plus-annotation-3.4.2.jar;D:\software\apache-maven-3.6.1\mvn_resp\com\github\jsqlparser\jsqlparser\4.0\jsqlparser-4.0.jar;D:\software\apache-maven-3.6.1\mvn_resp\org\mybatis\mybatis\3.5.6\mybatis-3.5.6.jar;D:\software\apache-maven-3.6.1\mvn_resp\org\mybatis\mybatis-spring\2.0.5\mybatis-spring-2.0.5.jar;D:\software\apache-maven-3.6.1\mvn_resp\org\springframework\boot\spring-boot-autoconfigure\2.3.10.RELEASE\spring-boot-autoconfigure-2.3.10.RELEASE.jar;D:\software\apache-maven-3.6.1\mvn_resp\org\springframework\boot\spring-boot-starter-jdbc\2.3.10.RELEASE\spring-boot-starter-jdbc-2.3.10.RELEASE.jar;D:\software\apache-maven-3.6.1\mvn_resp\com\zaxxer\HikariCP\3.4.5\HikariCP-3.4.5.jar;D:\software\apache-maven-3.6.1\mvn_resp\org\springframework\spring-jdbc\5.2.14.RELEASE\spring-jdbc-5.2.14.RELEASE.jar;D:\software\apache-maven-3.6.1\mvn_resp\mysql\mysql-connector-java\8.0.23\mysql-connector-java-8.0.23.jar;D:\software\apache-maven-3.6.1\mvn_resp\org\projectlombok\lombok\1.18.20\lombok-1.18.20.jar;D:\software\apache-maven-3.6.1\mvn_resp\org\springframework\boot\spring-boot-starter-test\2.3.10.RELEASE\spring-boot-starter-test-2.3.10.RELEASE.jar;D:\software\apache-maven-3.6.1\mvn_resp\org\springframework\boot\spring-boot-test\2.3.10.RELEASE\spring-boot-test-2.3.10.RELEASE.jar;D:\software\apache-maven-3.6.1\mvn_resp\org\springframework\boot\spring-boot-test-autoconfigure\2.3.10.RELEASE\spring-boot-test-autoconfigure-2.3.10.RELEASE.jar;D:\software\apache-maven-3.6.1\mvn_resp\com\jayway\jsonpath\json-path\2.4.0\json-path-2.4.0.jar;D:\software\apache-maven-3.6.1\mvn_resp\net\minidev\json-smart\2.3\json-smart-2.3.jar;D:\software\apache-maven-3.6.1\mvn_resp\net\minidev\accessors-smart\1.2\accessors-smart-1.2.jar;D:\software\apache-maven-3.6.1\mvn_resp\org\ow2\asm\asm\5.0.4\asm-5.0.4.jar;D:\software\apache-maven-3.6.1\mvn_resp\org\slf4j\slf4j-api\1.7.30\slf4j-api-1.7.30.jar;D:\software\apache-maven-3.6.1\mvn_resp\jakarta\xml\bind\jakarta.xml.bind-api\2.3.3\jakarta.xml.bind-api-2.3.3.jar;D:\software\apache-maven-3.6.1\mvn_resp\jakarta\activation\jakarta.activation-api\1.2.2\jakarta.activation-api-1.2.2.jar;D:\software\apache-maven-3.6.1\mvn_resp\org\assertj\assertj-core\3.16.1\assertj-core-3.16.1.jar;D:\software\apache-maven-3.6.1\mvn_resp\org\hamcrest\hamcrest\2.2\hamcrest-2.2.jar;D:\software\apache-maven-3.6.1\mvn_resp\org\junit\jupiter\junit-jupiter\5.6.3\junit-jupiter-5.6.3.jar;D:\software\apache-maven-3.6.1\mvn_resp\org\junit\jupiter\junit-jupiter-api\5.6.3\junit-jupiter-api-5.6.3.jar;D:\software\apache-maven-3.6.1\mvn_resp\org\apiguardian\apiguardian-api\1.1.0\apiguardian-api-1.1.0.jar;D:\software\apache-maven-3.6.1\mvn_resp\org\opentest4j\opentest4j\1.2.0\opentest4j-1.2.0.jar;D:\software\apache-maven-3.6.1\mvn_resp\org\junit\platform\junit-platform-commons\1.6.3\junit-platform-commons-1.6.3.jar;D:\software\apache-maven-3.6.1\mvn_resp\org\junit\jupiter\junit-jupiter-params\5.6.3\junit-jupiter-params-5.6.3.jar;D:\software\apache-maven-3.6.1\mvn_resp\org\junit\jupiter\junit-jupiter-engine\5.6.3\junit-jupiter-engine-5.6.3.jar;D:\software\apache-maven-3.6.1\mvn_resp\org\junit\platform\junit-platform-engine\1.6.3\junit-platform-engine-1.6.3.jar;D:\software\apache-maven-3.6.1\mvn_resp\org\mockito\mockito-core\3.3.3\mockito-core-3.3.3.jar;D:\software\apache-maven-3.6.1\mvn_resp\net\bytebuddy\byte-buddy\1.10.22\byte-buddy-1.10.22.jar;D:\software\apache-maven-3.6.1\mvn_resp\net\bytebuddy\byte-buddy-agent\1.10.22\byte-buddy-agent-1.10.22.jar;D:\software\apache-maven-3.6.1\mvn_resp\org\objenesis\objenesis\2.6\objenesis-2.6.jar;D:\software\apache-maven-3.6.1\mvn_resp\org\mockito\mockito-junit-jupiter\3.3.3\mockito-junit-jupiter-3.3.3.jar;D:\software\apache-maven-3.6.1\mvn_resp\org\skyscreamer\jsonassert\1.5.0\jsonassert-1.5.0.jar;D:\software\apache-maven-3.6.1\mvn_resp\com\vaadin\external\google\android-json\0.0.20131108.vaadin1\android-json-0.0.20131108.vaadin1.jar;D:\software\apache-maven-3.6.1\mvn_resp\org\springframework\spring-core\5.2.14.RELEASE\spring-core-5.2.14.RELEASE.jar;D:\software\apache-maven-3.6.1\mvn_resp\org\springframework\spring-jcl\5.2.14.RELEASE\spring-jcl-5.2.14.RELEASE.jar;D:\software\apache-maven-3.6.1\mvn_resp\org\springframework\spring-test\5.2.14.RELEASE\spring-test-5.2.14.RELEASE.jar;D:\software\apache-maven-3.6.1\mvn_resp\org\xmlunit\xmlunit-core\2.7.0\xmlunit-core-2.7.0.jar;D:\software\apache-maven-3.6.1\mvn_resp\com\alibaba\fastjson\1.2.71\fastjson-1.2.71.jar;D:\software\apache-maven-3.6.1\mvn_resp\org\apache\commons\commons-lang3\3.10\commons-lang3-3.10.jar;D:\software\apache-maven-3.6.1\mvn_resp\org\springframework\boot\spring-boot-starter-amqp\2.3.10.RELEASE\spring-boot-starter-amqp-2.3.10.RELEASE.jar;D:\software\apache-maven-3.6.1\mvn_resp\org\springframework\spring-messaging\5.2.14.RELEASE\spring-messaging-5.2.14.RELEASE.jar;D:\software\apache-maven-3.6.1\mvn_resp\org\springframework\amqp\spring-rabbit\2.2.16.RELEASE\spring-rabbit-2.2.16.RELEASE.jar;D:\software\apache-maven-3.6.1\mvn_resp\com\rabbitmq\amqp-client\5.9.0\amqp-client-5.9.0.jar;D:\software\apache-maven-3.6.1\mvn_resp\org\springframework\amqp\spring-amqp\2.2.16.RELEASE\spring-amqp-2.2.16.RELEASE.jar;D:\software\apache-maven-3.6.1\mvn_resp\org\springframework\retry\spring-retry\1.2.5.RELEASE\spring-retry-1.2.5.RELEASE.jar;D:\software\apache-maven-3.6.1\mvn_resp\org\springframework\spring-tx\5.2.14.RELEASE\spring-tx-5.2.14.RELEASE.jar;"/>
    <property name="java.vm.vendor" value="Oracle Corporation"/>
    <property name="sun.arch.data.model" value="64"/>
    <property name="user.variant" value=""/>
    <property name="java.vendor.url" value="http://java.oracle.com/"/>
    <property name="user.timezone" value="Asia/Shanghai"/>
    <property name="java.vm.specification.version" value="1.8"/>
    <property name="os.name" value="Windows 10"/>
    <property name="user.country" value="CN"/>
    <property name="sun.java.launcher" value="SUN_STANDARD"/>
    <property name="sun.boot.library.path" value="C:\Program Files\Java\jdk1.8.0_301\jre\bin"/>
    <property name="sun.java.command" value="C:\Users\18332\AppData\Local\Temp\surefire6913111318884864515\surefirebooter4913949247168851971.jar C:\Users\18332\AppData\Local\Temp\surefire6913111318884864515 2023-05-08T21-32-50_856-jvmRun1 surefire4427371048060772620tmp surefire_0968181836851228933tmp"/>
    <property name="surefire.test.class.path" value="D:\workspace\springcloud\hotel-demo\target\test-classes;D:\workspace\springcloud\hotel-demo\target\classes;D:\software\apache-maven-3.6.1\mvn_resp\org\elasticsearch\client\elasticsearch-rest-high-level-client\7.12.1\elasticsearch-rest-high-level-client-7.12.1.jar;D:\software\apache-maven-3.6.1\mvn_resp\org\elasticsearch\elasticsearch\7.12.1\elasticsearch-7.12.1.jar;D:\software\apache-maven-3.6.1\mvn_resp\org\elasticsearch\elasticsearch-core\7.12.1\elasticsearch-core-7.12.1.jar;D:\software\apache-maven-3.6.1\mvn_resp\org\elasticsearch\elasticsearch-secure-sm\7.12.1\elasticsearch-secure-sm-7.12.1.jar;D:\software\apache-maven-3.6.1\mvn_resp\org\elasticsearch\elasticsearch-x-content\7.12.1\elasticsearch-x-content-7.12.1.jar;D:\software\apache-maven-3.6.1\mvn_resp\com\fasterxml\jackson\core\jackson-core\2.11.4\jackson-core-2.11.4.jar;D:\software\apache-maven-3.6.1\mvn_resp\com\fasterxml\jackson\dataformat\jackson-dataformat-smile\2.11.4\jackson-dataformat-smile-2.11.4.jar;D:\software\apache-maven-3.6.1\mvn_resp\com\fasterxml\jackson\dataformat\jackson-dataformat-yaml\2.11.4\jackson-dataformat-yaml-2.11.4.jar;D:\software\apache-maven-3.6.1\mvn_resp\com\fasterxml\jackson\dataformat\jackson-dataformat-cbor\2.11.4\jackson-dataformat-cbor-2.11.4.jar;D:\software\apache-maven-3.6.1\mvn_resp\org\elasticsearch\elasticsearch-geo\7.12.1\elasticsearch-geo-7.12.1.jar;D:\software\apache-maven-3.6.1\mvn_resp\org\apache\lucene\lucene-core\8.8.0\lucene-core-8.8.0.jar;D:\software\apache-maven-3.6.1\mvn_resp\org\apache\lucene\lucene-analyzers-common\8.8.0\lucene-analyzers-common-8.8.0.jar;D:\software\apache-maven-3.6.1\mvn_resp\org\apache\lucene\lucene-backward-codecs\8.8.0\lucene-backward-codecs-8.8.0.jar;D:\software\apache-maven-3.6.1\mvn_resp\org\apache\lucene\lucene-grouping\8.8.0\lucene-grouping-8.8.0.jar;D:\software\apache-maven-3.6.1\mvn_resp\org\apache\lucene\lucene-highlighter\8.8.0\lucene-highlighter-8.8.0.jar;D:\software\apache-maven-3.6.1\mvn_resp\org\apache\lucene\lucene-join\8.8.0\lucene-join-8.8.0.jar;D:\software\apache-maven-3.6.1\mvn_resp\org\apache\lucene\lucene-memory\8.8.0\lucene-memory-8.8.0.jar;D:\software\apache-maven-3.6.1\mvn_resp\org\apache\lucene\lucene-misc\8.8.0\lucene-misc-8.8.0.jar;D:\software\apache-maven-3.6.1\mvn_resp\org\apache\lucene\lucene-queries\8.8.0\lucene-queries-8.8.0.jar;D:\software\apache-maven-3.6.1\mvn_resp\org\apache\lucene\lucene-queryparser\8.8.0\lucene-queryparser-8.8.0.jar;D:\software\apache-maven-3.6.1\mvn_resp\org\apache\lucene\lucene-sandbox\8.8.0\lucene-sandbox-8.8.0.jar;D:\software\apache-maven-3.6.1\mvn_resp\org\apache\lucene\lucene-spatial-extras\8.8.0\lucene-spatial-extras-8.8.0.jar;D:\software\apache-maven-3.6.1\mvn_resp\org\apache\lucene\lucene-spatial3d\8.8.0\lucene-spatial3d-8.8.0.jar;D:\software\apache-maven-3.6.1\mvn_resp\org\apache\lucene\lucene-suggest\8.8.0\lucene-suggest-8.8.0.jar;D:\software\apache-maven-3.6.1\mvn_resp\org\elasticsearch\elasticsearch-cli\7.12.1\elasticsearch-cli-7.12.1.jar;D:\software\apache-maven-3.6.1\mvn_resp\net\sf\jopt-simple\jopt-simple\5.0.2\jopt-simple-5.0.2.jar;D:\software\apache-maven-3.6.1\mvn_resp\com\carrotsearch\hppc\0.8.1\hppc-0.8.1.jar;D:\software\apache-maven-3.6.1\mvn_resp\joda-time\joda-time\2.10.4\joda-time-2.10.4.jar;D:\software\apache-maven-3.6.1\mvn_resp\com\tdunning\t-digest\3.2\t-digest-3.2.jar;D:\software\apache-maven-3.6.1\mvn_resp\org\hdrhistogram\HdrHistogram\2.1.9\HdrHistogram-2.1.9.jar;D:\software\apache-maven-3.6.1\mvn_resp\org\apache\logging\log4j\log4j-api\2.13.3\log4j-api-2.13.3.jar;D:\software\apache-maven-3.6.1\mvn_resp\org\elasticsearch\jna\5.7.0-1\jna-5.7.0-1.jar;D:\software\apache-maven-3.6.1\mvn_resp\org\elasticsearch\elasticsearch-plugin-classloader\7.12.1\elasticsearch-plugin-classloader-7.12.1.jar;D:\software\apache-maven-3.6.1\mvn_resp\org\elasticsearch\client\elasticsearch-rest-client\7.12.1\elasticsearch-rest-client-7.12.1.jar;D:\software\apache-maven-3.6.1\mvn_resp\org\apache\httpcomponents\httpclient\4.5.13\httpclient-4.5.13.jar;D:\software\apache-maven-3.6.1\mvn_resp\org\apache\httpcomponents\httpcore\4.4.14\httpcore-4.4.14.jar;D:\software\apache-maven-3.6.1\mvn_resp\org\apache\httpcomponents\httpasyncclient\4.1.4\httpasyncclient-4.1.4.jar;D:\software\apache-maven-3.6.1\mvn_resp\org\apache\httpcomponents\httpcore-nio\4.4.14\httpcore-nio-4.4.14.jar;D:\software\apache-maven-3.6.1\mvn_resp\commons-codec\commons-codec\1.14\commons-codec-1.14.jar;D:\software\apache-maven-3.6.1\mvn_resp\org\elasticsearch\plugin\mapper-extras-client\7.12.1\mapper-extras-client-7.12.1.jar;D:\software\apache-maven-3.6.1\mvn_resp\org\elasticsearch\plugin\parent-join-client\7.12.1\parent-join-client-7.12.1.jar;D:\software\apache-maven-3.6.1\mvn_resp\org\elasticsearch\plugin\aggs-matrix-stats-client\7.12.1\aggs-matrix-stats-client-7.12.1.jar;D:\software\apache-maven-3.6.1\mvn_resp\org\elasticsearch\plugin\rank-eval-client\7.12.1\rank-eval-client-7.12.1.jar;D:\software\apache-maven-3.6.1\mvn_resp\org\elasticsearch\plugin\lang-mustache-client\7.12.1\lang-mustache-client-7.12.1.jar;D:\software\apache-maven-3.6.1\mvn_resp\com\github\spullara\mustache\java\compiler\0.9.6\compiler-0.9.6.jar;D:\software\apache-maven-3.6.1\mvn_resp\org\springframework\boot\spring-boot-starter-web\2.3.10.RELEASE\spring-boot-starter-web-2.3.10.RELEASE.jar;D:\software\apache-maven-3.6.1\mvn_resp\org\springframework\boot\spring-boot-starter\2.3.10.RELEASE\spring-boot-starter-2.3.10.RELEASE.jar;D:\software\apache-maven-3.6.1\mvn_resp\org\springframework\boot\spring-boot\2.3.10.RELEASE\spring-boot-2.3.10.RELEASE.jar;D:\software\apache-maven-3.6.1\mvn_resp\org\springframework\boot\spring-boot-starter-logging\2.3.10.RELEASE\spring-boot-starter-logging-2.3.10.RELEASE.jar;D:\software\apache-maven-3.6.1\mvn_resp\ch\qos\logback\logback-classic\1.2.3\logback-classic-1.2.3.jar;D:\software\apache-maven-3.6.1\mvn_resp\ch\qos\logback\logback-core\1.2.3\logback-core-1.2.3.jar;D:\software\apache-maven-3.6.1\mvn_resp\org\apache\logging\log4j\log4j-to-slf4j\2.13.3\log4j-to-slf4j-2.13.3.jar;D:\software\apache-maven-3.6.1\mvn_resp\org\slf4j\jul-to-slf4j\1.7.30\jul-to-slf4j-1.7.30.jar;D:\software\apache-maven-3.6.1\mvn_resp\jakarta\annotation\jakarta.annotation-api\1.3.5\jakarta.annotation-api-1.3.5.jar;D:\software\apache-maven-3.6.1\mvn_resp\org\yaml\snakeyaml\1.26\snakeyaml-1.26.jar;D:\software\apache-maven-3.6.1\mvn_resp\org\springframework\boot\spring-boot-starter-json\2.3.10.RELEASE\spring-boot-starter-json-2.3.10.RELEASE.jar;D:\software\apache-maven-3.6.1\mvn_resp\com\fasterxml\jackson\core\jackson-databind\2.11.4\jackson-databind-2.11.4.jar;D:\software\apache-maven-3.6.1\mvn_resp\com\fasterxml\jackson\core\jackson-annotations\2.11.4\jackson-annotations-2.11.4.jar;D:\software\apache-maven-3.6.1\mvn_resp\com\fasterxml\jackson\datatype\jackson-datatype-jdk8\2.11.4\jackson-datatype-jdk8-2.11.4.jar;D:\software\apache-maven-3.6.1\mvn_resp\com\fasterxml\jackson\datatype\jackson-datatype-jsr310\2.11.4\jackson-datatype-jsr310-2.11.4.jar;D:\software\apache-maven-3.6.1\mvn_resp\com\fasterxml\jackson\module\jackson-module-parameter-names\2.11.4\jackson-module-parameter-names-2.11.4.jar;D:\software\apache-maven-3.6.1\mvn_resp\org\springframework\boot\spring-boot-starter-tomcat\2.3.10.RELEASE\spring-boot-starter-tomcat-2.3.10.RELEASE.jar;D:\software\apache-maven-3.6.1\mvn_resp\org\apache\tomcat\embed\tomcat-embed-core\9.0.45\tomcat-embed-core-9.0.45.jar;D:\software\apache-maven-3.6.1\mvn_resp\org\glassfish\jakarta.el\3.0.3\jakarta.el-3.0.3.jar;D:\software\apache-maven-3.6.1\mvn_resp\org\apache\tomcat\embed\tomcat-embed-websocket\9.0.45\tomcat-embed-websocket-9.0.45.jar;D:\software\apache-maven-3.6.1\mvn_resp\org\springframework\spring-web\5.2.14.RELEASE\spring-web-5.2.14.RELEASE.jar;D:\software\apache-maven-3.6.1\mvn_resp\org\springframework\spring-beans\5.2.14.RELEASE\spring-beans-5.2.14.RELEASE.jar;D:\software\apache-maven-3.6.1\mvn_resp\org\springframework\spring-webmvc\5.2.14.RELEASE\spring-webmvc-5.2.14.RELEASE.jar;D:\software\apache-maven-3.6.1\mvn_resp\org\springframework\spring-aop\5.2.14.RELEASE\spring-aop-5.2.14.RELEASE.jar;D:\software\apache-maven-3.6.1\mvn_resp\org\springframework\spring-context\5.2.14.RELEASE\spring-context-5.2.14.RELEASE.jar;D:\software\apache-maven-3.6.1\mvn_resp\org\springframework\spring-expression\5.2.14.RELEASE\spring-expression-5.2.14.RELEASE.jar;D:\software\apache-maven-3.6.1\mvn_resp\com\baomidou\mybatis-plus-boot-starter\3.4.2\mybatis-plus-boot-starter-3.4.2.jar;D:\software\apache-maven-3.6.1\mvn_resp\com\baomidou\mybatis-plus\3.4.2\mybatis-plus-3.4.2.jar;D:\software\apache-maven-3.6.1\mvn_resp\com\baomidou\mybatis-plus-extension\3.4.2\mybatis-plus-extension-3.4.2.jar;D:\software\apache-maven-3.6.1\mvn_resp\com\baomidou\mybatis-plus-core\3.4.2\mybatis-plus-core-3.4.2.jar;D:\software\apache-maven-3.6.1\mvn_resp\com\baomidou\mybatis-plus-annotation\3.4.2\mybatis-plus-annotation-3.4.2.jar;D:\software\apache-maven-3.6.1\mvn_resp\com\github\jsqlparser\jsqlparser\4.0\jsqlparser-4.0.jar;D:\software\apache-maven-3.6.1\mvn_resp\org\mybatis\mybatis\3.5.6\mybatis-3.5.6.jar;D:\software\apache-maven-3.6.1\mvn_resp\org\mybatis\mybatis-spring\2.0.5\mybatis-spring-2.0.5.jar;D:\software\apache-maven-3.6.1\mvn_resp\org\springframework\boot\spring-boot-autoconfigure\2.3.10.RELEASE\spring-boot-autoconfigure-2.3.10.RELEASE.jar;D:\software\apache-maven-3.6.1\mvn_resp\org\springframework\boot\spring-boot-starter-jdbc\2.3.10.RELEASE\spring-boot-starter-jdbc-2.3.10.RELEASE.jar;D:\software\apache-maven-3.6.1\mvn_resp\com\zaxxer\HikariCP\3.4.5\HikariCP-3.4.5.jar;D:\software\apache-maven-3.6.1\mvn_resp\org\springframework\spring-jdbc\5.2.14.RELEASE\spring-jdbc-5.2.14.RELEASE.jar;D:\software\apache-maven-3.6.1\mvn_resp\mysql\mysql-connector-java\8.0.23\mysql-connector-java-8.0.23.jar;D:\software\apache-maven-3.6.1\mvn_resp\org\projectlombok\lombok\1.18.20\lombok-1.18.20.jar;D:\software\apache-maven-3.6.1\mvn_resp\org\springframework\boot\spring-boot-starter-test\2.3.10.RELEASE\spring-boot-starter-test-2.3.10.RELEASE.jar;D:\software\apache-maven-3.6.1\mvn_resp\org\springframework\boot\spring-boot-test\2.3.10.RELEASE\spring-boot-test-2.3.10.RELEASE.jar;D:\software\apache-maven-3.6.1\mvn_resp\org\springframework\boot\spring-boot-test-autoconfigure\2.3.10.RELEASE\spring-boot-test-autoconfigure-2.3.10.RELEASE.jar;D:\software\apache-maven-3.6.1\mvn_resp\com\jayway\jsonpath\json-path\2.4.0\json-path-2.4.0.jar;D:\software\apache-maven-3.6.1\mvn_resp\net\minidev\json-smart\2.3\json-smart-2.3.jar;D:\software\apache-maven-3.6.1\mvn_resp\net\minidev\accessors-smart\1.2\accessors-smart-1.2.jar;D:\software\apache-maven-3.6.1\mvn_resp\org\ow2\asm\asm\5.0.4\asm-5.0.4.jar;D:\software\apache-maven-3.6.1\mvn_resp\org\slf4j\slf4j-api\1.7.30\slf4j-api-1.7.30.jar;D:\software\apache-maven-3.6.1\mvn_resp\jakarta\xml\bind\jakarta.xml.bind-api\2.3.3\jakarta.xml.bind-api-2.3.3.jar;D:\software\apache-maven-3.6.1\mvn_resp\jakarta\activation\jakarta.activation-api\1.2.2\jakarta.activation-api-1.2.2.jar;D:\software\apache-maven-3.6.1\mvn_resp\org\assertj\assertj-core\3.16.1\assertj-core-3.16.1.jar;D:\software\apache-maven-3.6.1\mvn_resp\org\hamcrest\hamcrest\2.2\hamcrest-2.2.jar;D:\software\apache-maven-3.6.1\mvn_resp\org\junit\jupiter\junit-jupiter\5.6.3\junit-jupiter-5.6.3.jar;D:\software\apache-maven-3.6.1\mvn_resp\org\junit\jupiter\junit-jupiter-api\5.6.3\junit-jupiter-api-5.6.3.jar;D:\software\apache-maven-3.6.1\mvn_resp\org\apiguardian\apiguardian-api\1.1.0\apiguardian-api-1.1.0.jar;D:\software\apache-maven-3.6.1\mvn_resp\org\opentest4j\opentest4j\1.2.0\opentest4j-1.2.0.jar;D:\software\apache-maven-3.6.1\mvn_resp\org\junit\platform\junit-platform-commons\1.6.3\junit-platform-commons-1.6.3.jar;D:\software\apache-maven-3.6.1\mvn_resp\org\junit\jupiter\junit-jupiter-params\5.6.3\junit-jupiter-params-5.6.3.jar;D:\software\apache-maven-3.6.1\mvn_resp\org\junit\jupiter\junit-jupiter-engine\5.6.3\junit-jupiter-engine-5.6.3.jar;D:\software\apache-maven-3.6.1\mvn_resp\org\junit\platform\junit-platform-engine\1.6.3\junit-platform-engine-1.6.3.jar;D:\software\apache-maven-3.6.1\mvn_resp\org\mockito\mockito-core\3.3.3\mockito-core-3.3.3.jar;D:\software\apache-maven-3.6.1\mvn_resp\net\bytebuddy\byte-buddy\1.10.22\byte-buddy-1.10.22.jar;D:\software\apache-maven-3.6.1\mvn_resp\net\bytebuddy\byte-buddy-agent\1.10.22\byte-buddy-agent-1.10.22.jar;D:\software\apache-maven-3.6.1\mvn_resp\org\objenesis\objenesis\2.6\objenesis-2.6.jar;D:\software\apache-maven-3.6.1\mvn_resp\org\mockito\mockito-junit-jupiter\3.3.3\mockito-junit-jupiter-3.3.3.jar;D:\software\apache-maven-3.6.1\mvn_resp\org\skyscreamer\jsonassert\1.5.0\jsonassert-1.5.0.jar;D:\software\apache-maven-3.6.1\mvn_resp\com\vaadin\external\google\android-json\0.0.20131108.vaadin1\android-json-0.0.20131108.vaadin1.jar;D:\software\apache-maven-3.6.1\mvn_resp\org\springframework\spring-core\5.2.14.RELEASE\spring-core-5.2.14.RELEASE.jar;D:\software\apache-maven-3.6.1\mvn_resp\org\springframework\spring-jcl\5.2.14.RELEASE\spring-jcl-5.2.14.RELEASE.jar;D:\software\apache-maven-3.6.1\mvn_resp\org\springframework\spring-test\5.2.14.RELEASE\spring-test-5.2.14.RELEASE.jar;D:\software\apache-maven-3.6.1\mvn_resp\org\xmlunit\xmlunit-core\2.7.0\xmlunit-core-2.7.0.jar;D:\software\apache-maven-3.6.1\mvn_resp\com\alibaba\fastjson\1.2.71\fastjson-1.2.71.jar;D:\software\apache-maven-3.6.1\mvn_resp\org\apache\commons\commons-lang3\3.10\commons-lang3-3.10.jar;D:\software\apache-maven-3.6.1\mvn_resp\org\springframework\boot\spring-boot-starter-amqp\2.3.10.RELEASE\spring-boot-starter-amqp-2.3.10.RELEASE.jar;D:\software\apache-maven-3.6.1\mvn_resp\org\springframework\spring-messaging\5.2.14.RELEASE\spring-messaging-5.2.14.RELEASE.jar;D:\software\apache-maven-3.6.1\mvn_resp\org\springframework\amqp\spring-rabbit\2.2.16.RELEASE\spring-rabbit-2.2.16.RELEASE.jar;D:\software\apache-maven-3.6.1\mvn_resp\com\rabbitmq\amqp-client\5.9.0\amqp-client-5.9.0.jar;D:\software\apache-maven-3.6.1\mvn_resp\org\springframework\amqp\spring-amqp\2.2.16.RELEASE\spring-amqp-2.2.16.RELEASE.jar;D:\software\apache-maven-3.6.1\mvn_resp\org\springframework\retry\spring-retry\1.2.5.RELEASE\spring-retry-1.2.5.RELEASE.jar;D:\software\apache-maven-3.6.1\mvn_resp\org\springframework\spring-tx\5.2.14.RELEASE\spring-tx-5.2.14.RELEASE.jar;"/>
    <property name="sun.cpu.endian" value="little"/>
    <property name="user.home" value="C:\Users\18332"/>
    <property name="user.language" value="zh"/>
    <property name="java.specification.vendor" value="Oracle Corporation"/>
    <property name="java.home" value="C:\Program Files\Java\jdk1.8.0_301\jre"/>
    <property name="basedir" value="D:\workspace\springcloud\hotel-demo"/>
    <property name="file.separator" value="\"/>
    <property name="line.separator" value="&#10;"/>
    <property name="java.vm.specification.vendor" value="Oracle Corporation"/>
    <property name="java.specification.name" value="Java Platform API Specification"/>
    <property name="java.awt.graphicsenv" value="sun.awt.Win32GraphicsEnvironment"/>
    <property name="surefire.real.class.path" value="C:\Users\18332\AppData\Local\Temp\surefire6913111318884864515\surefirebooter4913949247168851971.jar"/>
    <property name="sun.boot.class.path" value="C:\Program Files\Java\jdk1.8.0_301\jre\lib\resources.jar;C:\Program Files\Java\jdk1.8.0_301\jre\lib\rt.jar;C:\Program Files\Java\jdk1.8.0_301\jre\lib\sunrsasign.jar;C:\Program Files\Java\jdk1.8.0_301\jre\lib\jsse.jar;C:\Program Files\Java\jdk1.8.0_301\jre\lib\jce.jar;C:\Program Files\Java\jdk1.8.0_301\jre\lib\charsets.jar;C:\Program Files\Java\jdk1.8.0_301\jre\lib\jfr.jar;C:\Program Files\Java\jdk1.8.0_301\jre\classes"/>
    <property name="user.script" value=""/>
    <property name="sun.management.compiler" value="HotSpot 64-Bit Tiered Compilers"/>
    <property name="java.runtime.version" value="1.8.0_301-b09"/>
    <property name="user.name" value="18332"/>
    <property name="path.separator" value=";"/>
    <property name="os.version" value="10.0"/>
    <property name="java.endorsed.dirs" value="C:\Program Files\Java\jdk1.8.0_301\jre\lib\endorsed"/>
    <property name="java.runtime.name" value="Java(TM) SE Runtime Environment"/>
    <property name="file.encoding" value="GBK"/>
    <property name="java.vm.name" value="Java HotSpot(TM) 64-Bit Server VM"/>
    <property name="idea.version2020.1" value="true"/>
    <property name="localRepository" value="D:\software\apache-maven-3.6.1\mvn_resp"/>
    <property name="java.vendor.url.bug" value="http://bugreport.sun.com/bugreport/"/>
    <property name="java.io.tmpdir" value="C:\Users\18332\AppData\Local\Temp\"/>
    <property name="java.version" value="1.8.0_301"/>
    <property name="user.dir" value="D:\workspace\springcloud\hotel-demo"/>
    <property name="os.arch" value="amd64"/>
    <property name="java.vm.specification.name" value="Java Virtual Machine Specification"/>
    <property name="java.awt.printerjob" value="sun.awt.windows.WPrinterJob"/>
    <property name="sun.os.patch.level" value=""/>
    <property name="java.library.path" value="C:\Program Files\Java\jdk1.8.0_301\jre\bin;C:\Windows\Sun\Java\bin;C:\Windows\system32;C:\Windows;C:\Program Files\Common Files\Oracle\Java\javapath;D:\Program Files (x86)\VMware\VMware Workstation\bin\;C:\Program Files\Java\jdk1.8.0_301\bin;C:\Program Files\Java\jdk1.8.0_301\jre\bin;C:\Program Files (x86)\Common Files\Oracle\Java\javapath;C:\Program Files\NVIDIA GPU Computing Toolkit\CUDA\v11.3\bin;C:\Program Files\NVIDIA GPU Computing Toolkit\CUDA\v11.3\libnvvp;D:\ProgramData\Anaconda3;D:\ProgramData\Anaconda3\Library\mingw-w64\bin;D:\ProgramData\Anaconda3\Library\usr\bin;D:\ProgramData\Anaconda3\Library\bin;D:\ProgramData\Anaconda3\Scripts;D:\Program Files\Python37\Scripts\;D:\Program Files\Python37\;D:\Program Files\Python39\Scripts\;D:\Program Files\Python39\;C:\Program Files\Common Files\Siemens\Automation\Simatic OAM\bin;C:\Windows\system32;C:\Windows;C:\Windows\System32\Wbem;C:\Windows\System32\WindowsPowerShell\v1.0\;C:\Windows\System32\OpenSSH\;C:\Program Files (x86)\NVIDIA Corporation\PhysX\Common;C:\Program Files\NVIDIA Corporation\NVIDIA NvDLISR;D:\Program Files\nodejs\;C:\Program Files\GDAL;C:\Windows\system32;C:\Windows;C:\Windows\System32\Wbem;D:\Program Files\MATLAB\R2017a\runtime\win64;D:\Program Files\MATLAB\R2017a\bin;C:\Program Files\NVIDIA GPU Computing Toolkit\CUDA\v10.2;C:\Program Files\NVIDIA GPU Computing Toolkit\CUDA\v10.2\lib\x64;C:\Program Files\NVIDIA Corporation\Nsight Compute 2021.1.0\;D:\LaTex\texlive\2021\bin\win32;D:\Program Files\Git\cmd;D:\software\apache-maven-3.6.1\bin;C:\Users\18332\AppData\Roaming\Python\Python37\Scripts;C:\Users\18332\AppData\Local\Microsoft\WindowsApps;C:\Users\18332\AppData\Local\Programs\Microsoft VS Code\bin;D:\Program Files\JetBrains\PyCharm Community Edition 2021.2.2\bin;;C:\Users\18332\AppData\Roaming\npm;D:\Program Files\JetBrains\IntelliJ IDEA 2020.1\bin;;D:\mysql\mysql-5.7.19-winx64\bin;;."/>
    <property name="java.vm.info" value="mixed mode"/>
    <property name="java.vendor" value="Oracle Corporation"/>
    <property name="java.vm.version" value="25.301-b09"/>
    <property name="java.ext.dirs" value="C:\Program Files\Java\jdk1.8.0_301\jre\lib\ext;C:\Windows\Sun\Java\lib\ext"/>
    <property name="sun.io.unicode.encoding" value="UnicodeLittle"/>
    <property name="java.class.version" value="52.0"/>
  </properties>
  <testcase name="testAgg" classname="cn.itcast.hotel.HotelAggregationTest" time="1.468">
    <error message="Timeout connecting to [/192.168.150.101:9200]" type="java.net.ConnectException">java.net.ConnectException: Timeout connecting to [/192.168.150.101:9200]
	at cn.itcast.hotel.HotelAggregationTest.testAgg(HotelAggregationTest.java:40)
Caused by: java.net.ConnectException: Timeout connecting to [/192.168.150.101:9200]
</error>
    <system-out><![CDATA[05-08 21:32:51.648 [main] INFO  o.s.b.t.context.SpringBootTestContextBootstrapper - Neither @ContextConfiguration nor @ContextHierarchy found for test class [cn.itcast.hotel.HotelAggregationTest], using SpringBootContextLoader
05-08 21:32:51.655 [main] INFO  o.s.test.context.support.AbstractContextLoader - Could not detect default resource locations for test class [cn.itcast.hotel.HotelAggregationTest]: no resource found for suffixes {-context.xml, Context.groovy}.
05-08 21:32:51.655 [main] INFO  o.s.t.c.support.AnnotationConfigContextLoaderUtils - Could not detect default configuration classes for test class [cn.itcast.hotel.HotelAggregationTest]: HotelAggregationTest does not declare any static, non-private, non-final, nested classes annotated with @Configuration.
05-08 21:32:51.744 [main] INFO  o.s.b.t.context.SpringBootTestContextBootstrapper - Found @SpringBootConfiguration cn.itcast.hotel.HotelDemoApplication for test class cn.itcast.hotel.HotelAggregationTest
05-08 21:32:51.832 [main] INFO  o.s.b.t.context.SpringBootTestContextBootstrapper - Loaded default TestExecutionListener class names from location [META-INF/spring.factories]: [org.springframework.boot.test.mock.mockito.MockitoTestExecutionListener, org.springframework.boot.test.mock.mockito.ResetMocksTestExecutionListener, org.springframework.boot.test.autoconfigure.restdocs.RestDocsTestExecutionListener, org.springframework.boot.test.autoconfigure.web.client.MockRestServiceServerResetTestExecutionListener, org.springframework.boot.test.autoconfigure.web.servlet.MockMvcPrintOnlyOnFailureTestExecutionListener, org.springframework.boot.test.autoconfigure.web.servlet.WebDriverTestExecutionListener, org.springframework.boot.test.autoconfigure.webservices.client.MockWebServiceServerTestExecutionListener, org.springframework.test.context.web.ServletTestExecutionListener, org.springframework.test.context.support.DirtiesContextBeforeModesTestExecutionListener, org.springframework.test.context.support.DependencyInjectionTestExecutionListener, org.springframework.test.context.support.DirtiesContextTestExecutionListener, org.springframework.test.context.transaction.TransactionalTestExecutionListener, org.springframework.test.context.jdbc.SqlScriptsTestExecutionListener, org.springframework.test.context.event.EventPublishingTestExecutionListener]
05-08 21:32:51.846 [main] INFO  o.s.b.t.context.SpringBootTestContextBootstrapper - Using TestExecutionListeners: [org.springframework.test.context.web.ServletTestExecutionListener@479cbee5, org.springframework.test.context.support.DirtiesContextBeforeModesTestExecutionListener@59e2d8e3, org.springframework.boot.test.mock.mockito.MockitoTestExecutionListener@2b72cb8a, org.springframework.boot.test.autoconfigure.SpringBootDependencyInjectionTestExecutionListener@7f8a9499, org.springframework.test.context.support.DirtiesContextTestExecutionListener@5d43661b, org.springframework.test.context.transaction.TransactionalTestExecutionListener@12299890, org.springframework.test.context.jdbc.SqlScriptsTestExecutionListener@2fba3fc4, org.springframework.test.context.event.EventPublishingTestExecutionListener@4bf48f6, org.springframework.boot.test.mock.mockito.ResetMocksTestExecutionListener@420a85c4, org.springframework.boot.test.autoconfigure.restdocs.RestDocsTestExecutionListener@1c39680d, org.springframework.boot.test.autoconfigure.web.client.MockRestServiceServerResetTestExecutionListener@62833051, org.springframework.boot.test.autoconfigure.web.servlet.MockMvcPrintOnlyOnFailureTestExecutionListener@1c852c0f, org.springframework.boot.test.autoconfigure.web.servlet.WebDriverTestExecutionListener@a37aefe, org.springframework.boot.test.autoconfigure.webservices.client.MockWebServiceServerTestExecutionListener@5d99c6b5]

  .   ____          _            __ _ _
 /\\ / ___'_ __ _ _(_)_ __  __ _ \ \ \ \
( ( )\___ | '_ | '_| | '_ \/ _` | \ \ \ \
 \\/  ___)| |_)| | | | | || (_| |  ) ) ) )
  '  |____| .__|_| |_|_| |_\__, | / / / /
 =========|_|==============|___/=/_/_/_/
 :: Spring Boot ::       (v2.3.10.RELEASE)

05-08 21:32:52.074 [main] INFO  cn.itcast.hotel.HotelAggregationTest - Starting HotelAggregationTest on LAPTOP-EBLLBHNF with PID 68404 (started by 18332 in D:\workspace\springcloud\hotel-demo)
05-08 21:32:52.074 [main] DEBUG cn.itcast.hotel.HotelAggregationTest - Running with Spring Boot v2.3.10.RELEASE, Spring v5.2.14.RELEASE
05-08 21:32:52.075 [main] INFO  cn.itcast.hotel.HotelAggregationTest - No active profile set, falling back to default profiles: default
 _ _   |_  _ _|_. ___ _ |    _ 
| | |\/|_)(_| | |_\  |_)||_|_\ 
     /               |         
                        3.4.2 
05-08 21:32:54.805 [main] INFO  o.s.scheduling.concurrent.ThreadPoolTaskExecutor - Initializing ExecutorService 'applicationTaskExecutor'
05-08 21:32:54.910 [main] INFO  o.s.b.a.web.servlet.WelcomePageHandlerMapping - Adding welcome page: class path resource [static/index.html]
05-08 21:32:55.390 [main] INFO  o.s.a.rabbit.connection.CachingConnectionFactory - Attempting to connect to: [192.168.67.100:5672]
05-08 21:32:57.453 [main] INFO  o.s.a.r.listener.SimpleMessageListenerContainer - Broker not available; cannot force queue declarations during start: java.net.ConnectException: Connection refused: connect
05-08 21:32:57.459 [org.springframework.amqp.rabbit.RabbitListenerEndpointContainer#0-1] INFO  o.s.a.rabbit.connection.CachingConnectionFactory - Attempting to connect to: [192.168.67.100:5672]
05-08 21:32:59.514 [org.springframework.amqp.rabbit.RabbitListenerEndpointContainer#0-1] ERROR o.s.a.r.listener.SimpleMessageListenerContainer - Failed to check/redeclare auto-delete queue(s).
org.springframework.amqp.AmqpConnectException: java.net.ConnectException: Connection refused: connect
	at org.springframework.amqp.rabbit.support.RabbitExceptionTranslator.convertRabbitAccessException(RabbitExceptionTranslator.java:61)
	at org.springframework.amqp.rabbit.connection.AbstractConnectionFactory.createBareConnection(AbstractConnectionFactory.java:524)
	at org.springframework.amqp.rabbit.connection.CachingConnectionFactory.createConnection(CachingConnectionFactory.java:751)
	at org.springframework.amqp.rabbit.connection.ConnectionFactoryUtils.createConnection(ConnectionFactoryUtils.java:216)
	at org.springframework.amqp.rabbit.core.RabbitTemplate.doExecute(RabbitTemplate.java:2089)
	at org.springframework.amqp.rabbit.core.RabbitTemplate.execute(RabbitTemplate.java:2062)
	at org.springframework.amqp.rabbit.core.RabbitTemplate.execute(RabbitTemplate.java:2042)
	at org.springframework.amqp.rabbit.core.RabbitAdmin.getQueueInfo(RabbitAdmin.java:407)
	at org.springframework.amqp.rabbit.core.RabbitAdmin.getQueueProperties(RabbitAdmin.java:391)
	at org.springframework.amqp.rabbit.listener.AbstractMessageListenerContainer.attemptDeclarations(AbstractMessageListenerContainer.java:1866)
	at org.springframework.amqp.rabbit.listener.AbstractMessageListenerContainer.redeclareElementsIfNecessary(AbstractMessageListenerContainer.java:1847)
	at org.springframework.amqp.rabbit.listener.SimpleMessageListenerContainer$AsyncMessageProcessingConsumer.initialize(SimpleMessageListenerContainer.java:1355)
	at org.springframework.amqp.rabbit.listener.SimpleMessageListenerContainer$AsyncMessageProcessingConsumer.run(SimpleMessageListenerContainer.java:1201)
	at java.lang.Thread.run(Thread.java:748)
Caused by: java.net.ConnectException: Connection refused: connect
	at java.net.DualStackPlainSocketImpl.waitForConnect(Native Method)
	at java.net.DualStackPlainSocketImpl.socketConnect(DualStackPlainSocketImpl.java:81)
	at java.net.AbstractPlainSocketImpl.doConnect(AbstractPlainSocketImpl.java:476)
	at java.net.AbstractPlainSocketImpl.connectToAddress(AbstractPlainSocketImpl.java:218)
	at java.net.AbstractPlainSocketImpl.connect(AbstractPlainSocketImpl.java:200)
	at java.net.PlainSocketImpl.connect(PlainSocketImpl.java:162)
	at java.net.SocksSocketImpl.connect(SocksSocketImpl.java:394)
	at java.net.Socket.connect(Socket.java:606)
	at com.rabbitmq.client.impl.SocketFrameHandlerFactory.create(SocketFrameHandlerFactory.java:60)
	at com.rabbitmq.client.ConnectionFactory.newConnection(ConnectionFactory.java:1137)
	at com.rabbitmq.client.ConnectionFactory.newConnection(ConnectionFactory.java:1087)
	at org.springframework.amqp.rabbit.connection.AbstractConnectionFactory.connectAddresses(AbstractConnectionFactory.java:560)
	at org.springframework.amqp.rabbit.connection.AbstractConnectionFactory.connect(AbstractConnectionFactory.java:533)
	at org.springframework.amqp.rabbit.connection.AbstractConnectionFactory.createBareConnection(AbstractConnectionFactory.java:487)
	... 12 common frames omitted
05-08 21:32:59.517 [org.springframework.amqp.rabbit.RabbitListenerEndpointContainer#0-1] INFO  o.s.a.rabbit.connection.CachingConnectionFactory - Attempting to connect to: [192.168.67.100:5672]
05-08 21:33:01.557 [main] INFO  o.s.a.rabbit.connection.CachingConnectionFactory - Attempting to connect to: [192.168.67.100:5672]
05-08 21:33:03.600 [main] INFO  o.s.a.r.listener.SimpleMessageListenerContainer - Broker not available; cannot force queue declarations during start: java.net.ConnectException: Connection refused: connect
05-08 21:33:03.601 [org.springframework.amqp.rabbit.RabbitListenerEndpointContainer#1-1] INFO  o.s.a.rabbit.connection.CachingConnectionFactory - Attempting to connect to: [192.168.67.100:5672]
05-08 21:33:05.646 [org.springframework.amqp.rabbit.RabbitListenerEndpointContainer#1-1] ERROR o.s.a.r.listener.SimpleMessageListenerContainer - Failed to check/redeclare auto-delete queue(s).
org.springframework.amqp.AmqpConnectException: java.net.ConnectException: Connection refused: connect
	at org.springframework.amqp.rabbit.support.RabbitExceptionTranslator.convertRabbitAccessException(RabbitExceptionTranslator.java:61)
	at org.springframework.amqp.rabbit.connection.AbstractConnectionFactory.createBareConnection(AbstractConnectionFactory.java:524)
	at org.springframework.amqp.rabbit.connection.CachingConnectionFactory.createConnection(CachingConnectionFactory.java:751)
	at org.springframework.amqp.rabbit.connection.ConnectionFactoryUtils.createConnection(ConnectionFactoryUtils.java:216)
	at org.springframework.amqp.rabbit.core.RabbitTemplate.doExecute(RabbitTemplate.java:2089)
	at org.springframework.amqp.rabbit.core.RabbitTemplate.execute(RabbitTemplate.java:2062)
	at org.springframework.amqp.rabbit.core.RabbitTemplate.execute(RabbitTemplate.java:2042)
	at org.springframework.amqp.rabbit.core.RabbitAdmin.getQueueInfo(RabbitAdmin.java:407)
	at org.springframework.amqp.rabbit.core.RabbitAdmin.getQueueProperties(RabbitAdmin.java:391)
	at org.springframework.amqp.rabbit.listener.AbstractMessageListenerContainer.attemptDeclarations(AbstractMessageListenerContainer.java:1866)
	at org.springframework.amqp.rabbit.listener.AbstractMessageListenerContainer.redeclareElementsIfNecessary(AbstractMessageListenerContainer.java:1847)
	at org.springframework.amqp.rabbit.listener.SimpleMessageListenerContainer$AsyncMessageProcessingConsumer.initialize(SimpleMessageListenerContainer.java:1355)
	at org.springframework.amqp.rabbit.listener.SimpleMessageListenerContainer$AsyncMessageProcessingConsumer.run(SimpleMessageListenerContainer.java:1201)
	at java.lang.Thread.run(Thread.java:748)
Caused by: java.net.ConnectException: Connection refused: connect
	at java.net.DualStackPlainSocketImpl.waitForConnect(Native Method)
	at java.net.DualStackPlainSocketImpl.socketConnect(DualStackPlainSocketImpl.java:81)
	at java.net.AbstractPlainSocketImpl.doConnect(AbstractPlainSocketImpl.java:476)
	at java.net.AbstractPlainSocketImpl.connectToAddress(AbstractPlainSocketImpl.java:218)
	at java.net.AbstractPlainSocketImpl.connect(AbstractPlainSocketImpl.java:200)
	at java.net.PlainSocketImpl.connect(PlainSocketImpl.java:162)
	at java.net.SocksSocketImpl.connect(SocksSocketImpl.java:394)
	at java.net.Socket.connect(Socket.java:606)
	at com.rabbitmq.client.impl.SocketFrameHandlerFactory.create(SocketFrameHandlerFactory.java:60)
	at com.rabbitmq.client.ConnectionFactory.newConnection(ConnectionFactory.java:1137)
	at com.rabbitmq.client.ConnectionFactory.newConnection(ConnectionFactory.java:1087)
	at org.springframework.amqp.rabbit.connection.AbstractConnectionFactory.connectAddresses(AbstractConnectionFactory.java:560)
	at org.springframework.amqp.rabbit.connection.AbstractConnectionFactory.connect(AbstractConnectionFactory.java:533)
	at org.springframework.amqp.rabbit.connection.AbstractConnectionFactory.createBareConnection(AbstractConnectionFactory.java:487)
	... 12 common frames omitted
05-08 21:33:05.646 [org.springframework.amqp.rabbit.RabbitListenerEndpointContainer#1-1] INFO  o.s.a.rabbit.connection.CachingConnectionFactory - Attempting to connect to: [192.168.67.100:5672]
05-08 21:33:06.651 [org.springframework.amqp.rabbit.RabbitListenerEndpointContainer#0-1] WARN  o.s.a.r.listener.SimpleMessageListenerContainer - Consumer raised exception, processing can restart if the connection factory supports it. Exception summary: org.springframework.amqp.AmqpConnectException: java.net.ConnectException: Connection refused: connect
05-08 21:33:06.653 [org.springframework.amqp.rabbit.RabbitListenerEndpointContainer#0-1] INFO  o.s.a.r.listener.SimpleMessageListenerContainer - Restarting Consumer@2d7637e6: tags=[[]], channel=null, acknowledgeMode=AUTO local queue size=0
05-08 21:33:07.698 [org.springframework.amqp.rabbit.RabbitListenerEndpointContainer#0-2] INFO  o.s.a.rabbit.connection.CachingConnectionFactory - Attempting to connect to: [192.168.67.100:5672]
05-08 21:33:07.706 [main] INFO  cn.itcast.hotel.HotelAggregationTest - Started HotelAggregationTest in 15.831 seconds (JVM running for 16.649)
]]></system-out>
    <system-err><![CDATA[Loading class `com.mysql.jdbc.Driver'. This is deprecated. The new driver class is `com.mysql.cj.jdbc.Driver'. The driver is automatically registered via the SPI and manual loading of the driver class is generally unnecessary.
]]></system-err>
  </testcase>
  <testcase name="testSuggest" classname="cn.itcast.hotel.HotelAggregationTest" time="1.027">
    <error message="Timeout connecting to [/192.168.150.101:9200]" type="java.net.ConnectException">java.net.ConnectException: Timeout connecting to [/192.168.150.101:9200]
	at cn.itcast.hotel.HotelAggregationTest.testSuggest(HotelAggregationTest.java:71)
Caused by: java.net.ConnectException: Timeout connecting to [/192.168.150.101:9200]
</error>
    <system-out><![CDATA[05-08 21:33:09.733 [org.springframework.amqp.rabbit.RabbitListenerEndpointContainer#0-2] ERROR o.s.a.r.listener.SimpleMessageListenerContainer - Failed to check/redeclare auto-delete queue(s).
org.springframework.amqp.AmqpConnectException: java.net.ConnectException: Connection refused: connect
	at org.springframework.amqp.rabbit.support.RabbitExceptionTranslator.convertRabbitAccessException(RabbitExceptionTranslator.java:61)
	at org.springframework.amqp.rabbit.connection.AbstractConnectionFactory.createBareConnection(AbstractConnectionFactory.java:524)
	at org.springframework.amqp.rabbit.connection.CachingConnectionFactory.createConnection(CachingConnectionFactory.java:751)
	at org.springframework.amqp.rabbit.connection.ConnectionFactoryUtils.createConnection(ConnectionFactoryUtils.java:216)
	at org.springframework.amqp.rabbit.core.RabbitTemplate.doExecute(RabbitTemplate.java:2089)
	at org.springframework.amqp.rabbit.core.RabbitTemplate.execute(RabbitTemplate.java:2062)
	at org.springframework.amqp.rabbit.core.RabbitTemplate.execute(RabbitTemplate.java:2042)
	at org.springframework.amqp.rabbit.core.RabbitAdmin.getQueueInfo(RabbitAdmin.java:407)
	at org.springframework.amqp.rabbit.core.RabbitAdmin.getQueueProperties(RabbitAdmin.java:391)
	at org.springframework.amqp.rabbit.listener.AbstractMessageListenerContainer.attemptDeclarations(AbstractMessageListenerContainer.java:1866)
	at org.springframework.amqp.rabbit.listener.AbstractMessageListenerContainer.redeclareElementsIfNecessary(AbstractMessageListenerContainer.java:1847)
	at org.springframework.amqp.rabbit.listener.SimpleMessageListenerContainer$AsyncMessageProcessingConsumer.initialize(SimpleMessageListenerContainer.java:1355)
	at org.springframework.amqp.rabbit.listener.SimpleMessageListenerContainer$AsyncMessageProcessingConsumer.run(SimpleMessageListenerContainer.java:1201)
	at java.lang.Thread.run(Thread.java:748)
Caused by: java.net.ConnectException: Connection refused: connect
	at java.net.DualStackPlainSocketImpl.waitForConnect(Native Method)
	at java.net.DualStackPlainSocketImpl.socketConnect(DualStackPlainSocketImpl.java:81)
	at java.net.AbstractPlainSocketImpl.doConnect(AbstractPlainSocketImpl.java:476)
	at java.net.AbstractPlainSocketImpl.connectToAddress(AbstractPlainSocketImpl.java:218)
	at java.net.AbstractPlainSocketImpl.connect(AbstractPlainSocketImpl.java:200)
	at java.net.PlainSocketImpl.connect(PlainSocketImpl.java:162)
	at java.net.SocksSocketImpl.connect(SocksSocketImpl.java:394)
	at java.net.Socket.connect(Socket.java:606)
	at com.rabbitmq.client.impl.SocketFrameHandlerFactory.create(SocketFrameHandlerFactory.java:60)
	at com.rabbitmq.client.ConnectionFactory.newConnection(ConnectionFactory.java:1137)
	at com.rabbitmq.client.ConnectionFactory.newConnection(ConnectionFactory.java:1087)
	at org.springframework.amqp.rabbit.connection.AbstractConnectionFactory.connectAddresses(AbstractConnectionFactory.java:560)
	at org.springframework.amqp.rabbit.connection.AbstractConnectionFactory.connect(AbstractConnectionFactory.java:533)
	at org.springframework.amqp.rabbit.connection.AbstractConnectionFactory.createBareConnection(AbstractConnectionFactory.java:487)
	... 12 common frames omitted
05-08 21:33:09.733 [org.springframework.amqp.rabbit.RabbitListenerEndpointContainer#0-2] INFO  o.s.a.rabbit.connection.CachingConnectionFactory - Attempting to connect to: [192.168.67.100:5672]
]]></system-out>
  </testcase>
</testsuite>